<?xml version="1.0" encoding="UTF-8"?>
<testng-results skipped="0" failed="0" ignored="0" total="1" passed="1">
  <reporter-output>
  </reporter-output>
  <suite name="Default suite" duration-ms="15106" started-at="2022-05-06T17:04:22Z" finished-at="2022-05-06T17:04:37Z">
    <groups>
    </groups>
    <test name="Default test" duration-ms="15106" started-at="2022-05-06T17:04:22Z" finished-at="2022-05-06T17:04:37Z">
      <class name="ecxcelReadWright.ConditionApplyUserTable">
        <test-method status="PASS" signature="printData()[pri:0, instance:ecxcelReadWright.ConditionApplyUserTable@29774679]" name="printData" duration-ms="15076" started-at="2022-05-06T17:04:22Z" finished-at="2022-05-06T17:04:37Z">
          <reporter-output>
          </reporter-output>
        </test-method> <!-- printData -->
      </class> <!-- ecxcelReadWright.ConditionApplyUserTable -->
    </test> <!-- Default test -->
  </suite> <!-- Default suite -->
</testng-results>
